11486
11628
11919
12321
12431
12531
13699
14066
14893
15412
15529
16592
17022
17297
17433
17868
18325
18338
18883
19352
19365
20807
21144
21613
22349
22553
22944
24943
27649
27754
28713
29032
29485
30821
31068
31275
32144
32627
32863
32992
33061
33343
34782
35013
35177
36009
36290
38448
38889
39364
39638
40134
40325
40705
41979
42006
42544
42648
42931
44527
45149
45467
45785
47150
47487
47511
48767
48789
50211
52573
52711
55300
55382
55493
55611
57067
57773
57890
59335
59636
60227
60295
60513
60628
60940
61261
61617
61790
62010
62568
64187
65448
66280
66872
68417
69140
69380
69449
69487
69971
70206
71197
71238
72024
72765
73089
73676
73904
75730
76688
77558
81170
81486
81676
82226
82425
82739
82853
83485
83693
84898
85089
85453
85848
87964
88804
90056
90200
90656
92584
93074
94007
94383
95450
95592
96409
98456
98724
99099
99640
